<?xml version="1.0" encoding="UTF-8"?>
<!-- Generated by org.testng.reporters.JUnitReportReporter -->
<testsuite hostname="Dhanashree" failures="0" tests="2" name="com.api.testing.UpdateUserTest" time="4.876" errors="0" timestamp="2025-07-23T18:33:11 IST" skipped="0">
  <testcase classname="com.api.testing.UpdateUserTest" name="getUserId" time="3.675"/>
  <system-out/>
  <testcase classname="com.api.testing.UpdateUserTest" name="updateUserId" time="1.201"/>
  <system-out/>
</testsuite> <!-- com.api.testing.UpdateUserTest -->
