<?xml version="1.0" encoding="UTF-8"?>
<!-- Generated by org.testng.reporters.JUnitReportReporter -->
<testsuite hostname="Dhanashree" failures="0" tests="1" name="com.tests.LoginTest" time="6.894" errors="0" timestamp="2025-08-01T15:14:46 IST" skipped="0">
  <testcase classname="com.tests.LoginTest" name="verifyLoginPageTitle" time="6.894"/>
</testsuite> <!-- com.tests.LoginTest -->
